<?xml version="1.0" encoding="UTF-8"?>
<coverage generated="1501876037964" clover="3.2.0">
  <project timestamp="1501876037965" name="All files">
    <metrics statements="63" coveredstatements="47" conditionals="50" coveredconditionals="35" methods="14" coveredmethods="11" elements="127" coveredelements="93" complexity="0" loc="63" ncloc="63" packages="1" files="3" classes="3">
      <file name="account.js" path="/Users/lkarm/Documents/side-projects/simple-atm/server/account.js">
        <metrics statements="9" coveredstatements="8" conditionals="0" coveredconditionals="0" methods="4" coveredmethods="3"/>
        <line num="1" count="1" type="stmt"/>
        <line num="2" count="1" type="stmt"/>
        <line num="4" count="1" type="stmt"/>
        <line num="5" count="1" type="stmt"/>
        <line num="7" count="1" type="stmt"/>
        <line num="8" count="2" type="stmt"/>
        <line num="9" count="0" type="stmt"/>
        <line num="13" count="1" type="stmt"/>
        <line num="14" count="4" type="stmt"/>
      </file>
      <file name="routes.js" path="/Users/lkarm/Documents/side-projects/simple-atm/server/routes.js">
        <metrics statements="46" coveredstatements="31" conditionals="46" coveredconditionals="31" methods="8" coveredmethods="6"/>
        <line num="3" count="1" type="stmt"/>
        <line num="4" count="1" type="stmt"/>
        <line num="7" count="1" type="stmt"/>
        <line num="8" count="5" type="stmt"/>
        <line num="11" count="5" type="cond" truecount="4" falsecount="0"/>
        <line num="12" count="3" type="cond" truecount="2" falsecount="0"/>
        <line num="13" count="2" type="stmt"/>
        <line num="14" count="2" type="cond" truecount="2" falsecount="0"/>
        <line num="16" count="2" type="stmt"/>
        <line num="18" count="2" type="stmt"/>
        <line num="19" count="2" type="cond" truecount="1" falsecount="1"/>
        <line num="20" count="0" type="stmt"/>
        <line num="22" count="2" type="stmt"/>
        <line num="23" count="0" type="cond" truecount="0" falsecount="4"/>
        <line num="24" count="0" type="stmt"/>
        <line num="27" count="2" type="stmt"/>
        <line num="33" count="1" type="stmt"/>
        <line num="34" count="2" type="cond" truecount="4" falsecount="0"/>
        <line num="35" count="1" type="stmt"/>
        <line num="36" count="1" type="cond" truecount="1" falsecount="1"/>
        <line num="37" count="1" type="stmt"/>
        <line num="39" count="0" type="stmt"/>
        <line num="43" count="0" type="stmt"/>
        <line num="48" count="1" type="stmt"/>
        <line num="49" count="7" type="stmt"/>
        <line num="50" count="7" type="cond" truecount="4" falsecount="0"/>
        <line num="52" count="6" type="cond" truecount="4" falsecount="0"/>
        <line num="53" count="4" type="cond" truecount="4" falsecount="0"/>
        <line num="54" count="3" type="stmt"/>
        <line num="55" count="3" type="stmt"/>
        <line num="58" count="3" type="cond" truecount="2" falsecount="0"/>
        <line num="59" count="2" type="stmt"/>
        <line num="60" count="2" type="cond" truecount="2" falsecount="0"/>
        <line num="63" count="1" type="stmt"/>
        <line num="65" count="1" type="cond" truecount="1" falsecount="1"/>
        <line num="67" count="1" type="stmt"/>
        <line num="71" count="0" type="stmt"/>
        <line num="74" count="0" type="cond" truecount="0" falsecount="2"/>
        <line num="75" count="0" type="stmt"/>
        <line num="76" count="0" type="cond" truecount="0" falsecount="2"/>
        <line num="78" count="0" type="stmt"/>
        <line num="80" count="0" type="stmt"/>
        <line num="81" count="0" type="cond" truecount="0" falsecount="4"/>
        <line num="82" count="0" type="stmt"/>
        <line num="85" count="0" type="stmt"/>
        <line num="89" count="0" type="stmt"/>
      </file>
      <file name="utils.js" path="/Users/lkarm/Documents/side-projects/simple-atm/server/utils.js">
        <metrics statements="8" coveredstatements="8" conditionals="4" coveredconditionals="4" methods="2" coveredmethods="2"/>
        <line num="2" count="2" type="stmt"/>
        <line num="3" count="9" type="stmt"/>
        <line num="4" count="9" type="stmt"/>
        <line num="7" count="2" type="stmt"/>
        <line num="8" count="12" type="stmt"/>
        <line num="9" count="12" type="cond" truecount="4" falsecount="0"/>
        <line num="10" count="5" type="stmt"/>
        <line num="12" count="7" type="stmt"/>
      </file>
    </metrics>
  </project>
</coverage>
