{"/Users/lkarm/Documents/side-projects/simple-atm/server/account.js": {"path":"/Users/lkarm/Documents/side-projects/simple-atm/server/account.js","statementMap":{"0":{"start":{"line":1,"column":14},"end":{"line":1,"column":30}},"1":{"start":{"line":2,"column":17},"end":{"line":2,"column":36}},"2":{"start":{"line":4,"column":0},"end":{"line":4,"column":51}},"3":{"start":{"line":5,"column":15},"end":{"line":5,"column":35}},"4":{"start":{"line":7,"column":0},"end":{"line":11,"column":1}},"5":{"start":{"line":8,"column":4},"end":{"line":10,"column":6}},"6":{"start":{"line":9,"column":8},"end":{"line":9,"column":28}},"7":{"start":{"line":13,"column":0},"end":{"line":15,"column":1}},"8":{"start":{"line":14,"column":4},"end":{"line":14,"column":60}},"9":{"start":{"line":14,"column":45},"end":{"line":14,"column":58}}},"fnMap":{"0":{"name":"(anonymous_0)","decl":{"start":{"line":7,"column":22},"end":{"line":7,"column":23}},"loc":{"start":{"line":7,"column":56},"end":{"line":11,"column":1}},"line":7},"1":{"name":"(anonymous_1)","decl":{"start":{"line":8,"column":37},"end":{"line":8,"column":38}},"loc":{"start":{"line":8,"column":52},"end":{"line":10,"column":5}},"line":8},"2":{"name":"(anonymous_2)","decl":{"start":{"line":13,"column":21},"end":{"line":13,"column":22}},"loc":{"start":{"line":13,"column":46},"end":{"line":15,"column":1}},"line":13},"3":{"name":"(anonymous_3)","decl":{"start":{"line":14,"column":36},"end":{"line":14,"column":37}},"loc":{"start":{"line":14,"column":45},"end":{"line":14,"column":58}},"line":14}},"branchMap":{},"s":{"0":1,"1":1,"2":1,"3":1,"4":1,"5":2,"6":0,"7":1,"8":4,"9":4},"f":{"0":2,"1":0,"2":4,"3":4},"b":{},"_coverageSchema":"332fd63041d2c1bcb487cc26dd0d5f7d97098a6c","hash":"20666d38000f063f1547184d1efaae3c07dbe10f"}
,"/Users/lkarm/Documents/side-projects/simple-atm/server/routes.js": {"path":"/Users/lkarm/Documents/side-projects/simple-atm/server/routes.js","statementMap":{"0":{"start":{"line":3,"column":16},"end":{"line":3,"column":36}},"1":{"start":{"line":4,"column":14},"end":{"line":4,"column":32}},"2":{"start":{"line":7,"column":0},"end":{"line":30,"column":1}},"3":{"start":{"line":8,"column":18},"end":{"line":8,"column":19}},"4":{"start":{"line":11,"column":4},"end":{"line":11,"column":105}},"5":{"start":{"line":11,"column":44},"end":{"line":11,"column":105}},"6":{"start":{"line":12,"column":4},"end":{"line":15,"column":5}},"7":{"start":{"line":13,"column":8},"end":{"line":13,"column":60}},"8":{"start":{"line":14,"column":8},"end":{"line":14,"column":87}},"9":{"start":{"line":14,"column":21},"end":{"line":14,"column":87}},"10":{"start":{"line":16,"column":22},"end":{"line":16,"column":41}},"11":{"start":{"line":18,"column":4},"end":{"line":28,"column":6}},"12":{"start":{"line":19,"column":8},"end":{"line":21,"column":9}},"13":{"start":{"line":20,"column":12},"end":{"line":20,"column":68}},"14":{"start":{"line":22,"column":8},"end":{"line":26,"column":11}},"15":{"start":{"line":23,"column":12},"end":{"line":25,"column":13}},"16":{"start":{"line":24,"column":16},"end":{"line":24,"column":87}},"17":{"start":{"line":27,"column":8},"end":{"line":27,"column":39}},"18":{"start":{"line":33,"column":0},"end":{"line":45,"column":1}},"19":{"start":{"line":34,"column":4},"end":{"line":34,"column":108}},"20":{"start":{"line":34,"column":47},"end":{"line":34,"column":108}},"21":{"start":{"line":35,"column":4},"end":{"line":44,"column":7}},"22":{"start":{"line":36,"column":8},"end":{"line":38,"column":9}},"23":{"start":{"line":37,"column":12},"end":{"line":37,"column":86}},"24":{"start":{"line":39,"column":21},"end":{"line":42,"column":9}},"25":{"start":{"line":43,"column":8},"end":{"line":43,"column":31}},"26":{"start":{"line":48,"column":0},"end":{"line":91,"column":1}},"27":{"start":{"line":49,"column":22},"end":{"line":49,"column":42}},"28":{"start":{"line":50,"column":4},"end":{"line":50,"column":108}},"29":{"start":{"line":50,"column":47},"end":{"line":50,"column":108}},"30":{"start":{"line":52,"column":4},"end":{"line":52,"column":103}},"31":{"start":{"line":52,"column":41},"end":{"line":52,"column":103}},"32":{"start":{"line":53,"column":4},"end":{"line":53,"column":101}},"33":{"start":{"line":53,"column":40},"end":{"line":53,"column":101}},"34":{"start":{"line":54,"column":20},"end":{"line":54,"column":36}},"35":{"start":{"line":55,"column":19},"end":{"line":55,"column":34}},"36":{"start":{"line":58,"column":4},"end":{"line":58,"column":120}},"37":{"start":{"line":58,"column":42},"end":{"line":58,"column":120}},"38":{"start":{"line":59,"column":26},"end":{"line":59,"column":59}},"39":{"start":{"line":60,"column":4},"end":{"line":60,"column":89}},"40":{"start":{"line":60,"column":23},"end":{"line":60,"column":89}},"41":{"start":{"line":63,"column":4},"end":{"line":90,"column":7}},"42":{"start":{"line":65,"column":8},"end":{"line":68,"column":9}},"43":{"start":{"line":67,"column":12},"end":{"line":67,"column":75}},"44":{"start":{"line":71,"column":27},"end":{"line":71,"column":45}},"45":{"start":{"line":74,"column":8},"end":{"line":79,"column":9}},"46":{"start":{"line":75,"column":12},"end":{"line":75,"column":52}},"47":{"start":{"line":76,"column":12},"end":{"line":76,"column":115}},"48":{"start":{"line":76,"column":32},"end":{"line":76,"column":115}},"49":{"start":{"line":78,"column":12},"end":{"line":78,"column":52}},"50":{"start":{"line":80,"column":8},"end":{"line":84,"column":11}},"51":{"start":{"line":81,"column":12},"end":{"line":83,"column":13}},"52":{"start":{"line":82,"column":16},"end":{"line":82,"column":87}},"53":{"start":{"line":85,"column":21},"end":{"line":88,"column":9}},"54":{"start":{"line":89,"column":8},"end":{"line":89,"column":31}}},"fnMap":{"0":{"name":"(anonymous_0)","decl":{"start":{"line":7,"column":17},"end":{"line":7,"column":18}},"loc":{"start":{"line":7,"column":32},"end":{"line":30,"column":1}},"line":7},"1":{"name":"(anonymous_1)","decl":{"start":{"line":18,"column":34},"end":{"line":18,"column":35}},"loc":{"start":{"line":18,"column":46},"end":{"line":28,"column":5}},"line":18},"2":{"name":"(anonymous_2)","decl":{"start":{"line":22,"column":48},"end":{"line":22,"column":49}},"loc":{"start":{"line":22,"column":62},"end":{"line":26,"column":9}},"line":22},"3":{"name":"(anonymous_3)","decl":{"start":{"line":33,"column":14},"end":{"line":33,"column":15}},"loc":{"start":{"line":33,"column":29},"end":{"line":45,"column":1}},"line":33},"4":{"name":"(anonymous_4)","decl":{"start":{"line":35,"column":45},"end":{"line":35,"column":46}},"loc":{"start":{"line":35,"column":57},"end":{"line":44,"column":5}},"line":35},"5":{"name":"(anonymous_5)","decl":{"start":{"line":48,"column":17},"end":{"line":48,"column":18}},"loc":{"start":{"line":48,"column":32},"end":{"line":91,"column":1}},"line":48},"6":{"name":"(anonymous_6)","decl":{"start":{"line":63,"column":34},"end":{"line":63,"column":35}},"loc":{"start":{"line":63,"column":46},"end":{"line":90,"column":5}},"line":63},"7":{"name":"(anonymous_7)","decl":{"start":{"line":80,"column":51},"end":{"line":80,"column":52}},"loc":{"start":{"line":80,"column":65},"end":{"line":84,"column":9}},"line":80}},"branchMap":{"0":{"loc":{"start":{"line":11,"column":4},"end":{"line":11,"column":105}},"type":"if","locations":[{"start":{"line":11,"column":4},"end":{"line":11,"column":105}},{"start":{"line":11,"column":4},"end":{"line":11,"column":105}}],"line":11},"1":{"loc":{"start":{"line":11,"column":8},"end":{"line":11,"column":41}},"type":"binary-expr","locations":[{"start":{"line":11,"column":8},"end":{"line":11,"column":17}},{"start":{"line":11,"column":21},"end":{"line":11,"column":41}}],"line":11},"2":{"loc":{"start":{"line":12,"column":4},"end":{"line":15,"column":5}},"type":"if","locations":[{"start":{"line":12,"column":4},"end":{"line":15,"column":5}},{"start":{"line":12,"column":4},"end":{"line":15,"column":5}}],"line":12},"3":{"loc":{"start":{"line":14,"column":8},"end":{"line":14,"column":87}},"type":"if","locations":[{"start":{"line":14,"column":8},"end":{"line":14,"column":87}},{"start":{"line":14,"column":8},"end":{"line":14,"column":87}}],"line":14},"4":{"loc":{"start":{"line":19,"column":8},"end":{"line":21,"column":9}},"type":"if","locations":[{"start":{"line":19,"column":8},"end":{"line":21,"column":9}},{"start":{"line":19,"column":8},"end":{"line":21,"column":9}}],"line":19},"5":{"loc":{"start":{"line":23,"column":12},"end":{"line":25,"column":13}},"type":"if","locations":[{"start":{"line":23,"column":12},"end":{"line":25,"column":13}},{"start":{"line":23,"column":12},"end":{"line":25,"column":13}}],"line":23},"6":{"loc":{"start":{"line":23,"column":15},"end":{"line":23,"column":34}},"type":"binary-expr","locations":[{"start":{"line":23,"column":15},"end":{"line":23,"column":18}},{"start":{"line":23,"column":22},"end":{"line":23,"column":34}}],"line":23},"7":{"loc":{"start":{"line":34,"column":4},"end":{"line":34,"column":108}},"type":"if","locations":[{"start":{"line":34,"column":4},"end":{"line":34,"column":108}},{"start":{"line":34,"column":4},"end":{"line":34,"column":108}}],"line":34},"8":{"loc":{"start":{"line":34,"column":8},"end":{"line":34,"column":44}},"type":"binary-expr","locations":[{"start":{"line":34,"column":8},"end":{"line":34,"column":19}},{"start":{"line":34,"column":23},"end":{"line":34,"column":44}}],"line":34},"9":{"loc":{"start":{"line":36,"column":8},"end":{"line":38,"column":9}},"type":"if","locations":[{"start":{"line":36,"column":8},"end":{"line":38,"column":9}},{"start":{"line":36,"column":8},"end":{"line":38,"column":9}}],"line":36},"10":{"loc":{"start":{"line":50,"column":4},"end":{"line":50,"column":108}},"type":"if","locations":[{"start":{"line":50,"column":4},"end":{"line":50,"column":108}},{"start":{"line":50,"column":4},"end":{"line":50,"column":108}}],"line":50},"11":{"loc":{"start":{"line":50,"column":8},"end":{"line":50,"column":44}},"type":"binary-expr","locations":[{"start":{"line":50,"column":8},"end":{"line":50,"column":19}},{"start":{"line":50,"column":23},"end":{"line":50,"column":44}}],"line":50},"12":{"loc":{"start":{"line":52,"column":4},"end":{"line":52,"column":103}},"type":"if","locations":[{"start":{"line":52,"column":4},"end":{"line":52,"column":103}},{"start":{"line":52,"column":4},"end":{"line":52,"column":103}}],"line":52},"13":{"loc":{"start":{"line":52,"column":8},"end":{"line":52,"column":38}},"type":"binary-expr","locations":[{"start":{"line":52,"column":8},"end":{"line":52,"column":17}},{"start":{"line":52,"column":21},"end":{"line":52,"column":38}}],"line":52},"14":{"loc":{"start":{"line":53,"column":4},"end":{"line":53,"column":101}},"type":"if","locations":[{"start":{"line":53,"column":4},"end":{"line":53,"column":101}},{"start":{"line":53,"column":4},"end":{"line":53,"column":101}}],"line":53},"15":{"loc":{"start":{"line":53,"column":8},"end":{"line":53,"column":37}},"type":"binary-expr","locations":[{"start":{"line":53,"column":8},"end":{"line":53,"column":17}},{"start":{"line":53,"column":21},"end":{"line":53,"column":37}}],"line":53},"16":{"loc":{"start":{"line":58,"column":4},"end":{"line":58,"column":120}},"type":"if","locations":[{"start":{"line":58,"column":4},"end":{"line":58,"column":120}},{"start":{"line":58,"column":4},"end":{"line":58,"column":120}}],"line":58},"17":{"loc":{"start":{"line":60,"column":4},"end":{"line":60,"column":89}},"type":"if","locations":[{"start":{"line":60,"column":4},"end":{"line":60,"column":89}},{"start":{"line":60,"column":4},"end":{"line":60,"column":89}}],"line":60},"18":{"loc":{"start":{"line":65,"column":8},"end":{"line":68,"column":9}},"type":"if","locations":[{"start":{"line":65,"column":8},"end":{"line":68,"column":9}},{"start":{"line":65,"column":8},"end":{"line":68,"column":9}}],"line":65},"19":{"loc":{"start":{"line":74,"column":8},"end":{"line":79,"column":9}},"type":"if","locations":[{"start":{"line":74,"column":8},"end":{"line":79,"column":9}},{"start":{"line":74,"column":8},"end":{"line":79,"column":9}}],"line":74},"20":{"loc":{"start":{"line":76,"column":12},"end":{"line":76,"column":115}},"type":"if","locations":[{"start":{"line":76,"column":12},"end":{"line":76,"column":115}},{"start":{"line":76,"column":12},"end":{"line":76,"column":115}}],"line":76},"21":{"loc":{"start":{"line":81,"column":12},"end":{"line":83,"column":13}},"type":"if","locations":[{"start":{"line":81,"column":12},"end":{"line":83,"column":13}},{"start":{"line":81,"column":12},"end":{"line":83,"column":13}}],"line":81},"22":{"loc":{"start":{"line":81,"column":15},"end":{"line":81,"column":34}},"type":"binary-expr","locations":[{"start":{"line":81,"column":15},"end":{"line":81,"column":18}},{"start":{"line":81,"column":22},"end":{"line":81,"column":34}}],"line":81}},"s":{"0":1,"1":1,"2":1,"3":5,"4":5,"5":2,"6":3,"7":2,"8":2,"9":1,"10":2,"11":2,"12":2,"13":0,"14":2,"15":0,"16":0,"17":2,"18":1,"19":2,"20":1,"21":1,"22":1,"23":1,"24":0,"25":0,"26":1,"27":7,"28":7,"29":1,"30":6,"31":2,"32":4,"33":1,"34":3,"35":3,"36":3,"37":1,"38":2,"39":2,"40":1,"41":1,"42":1,"43":1,"44":0,"45":0,"46":0,"47":0,"48":0,"49":0,"50":0,"51":0,"52":0,"53":0,"54":0},"f":{"0":5,"1":2,"2":0,"3":2,"4":1,"5":7,"6":1,"7":0},"b":{"0":[2,3],"1":[5,4],"2":[2,1],"3":[1,1],"4":[0,2],"5":[0,0],"6":[0,0],"7":[1,1],"8":[2,2],"9":[1,0],"10":[1,6],"11":[7,7],"12":[2,4],"13":[6,5],"14":[1,3],"15":[4,4],"16":[1,2],"17":[1,1],"18":[1,0],"19":[0,0],"20":[0,0],"21":[0,0],"22":[0,0]},"_coverageSchema":"332fd63041d2c1bcb487cc26dd0d5f7d97098a6c","hash":"027ba66288da6313e300cddbb7c2f2a58c1ff171"}
,"/Users/lkarm/Documents/side-projects/simple-atm/server/utils.js": {"path":"/Users/lkarm/Documents/side-projects/simple-atm/server/utils.js","statementMap":{"0":{"start":{"line":2,"column":0},"end":{"line":5,"column":1}},"1":{"start":{"line":3,"column":22},"end":{"line":3,"column":45}},"2":{"start":{"line":4,"column":2},"end":{"line":4,"column":44}},"3":{"start":{"line":7,"column":0},"end":{"line":13,"column":1}},"4":{"start":{"line":8,"column":24},"end":{"line":8,"column":43}},"5":{"start":{"line":9,"column":2},"end":{"line":11,"column":3}},"6":{"start":{"line":10,"column":4},"end":{"line":10,"column":24}},"7":{"start":{"line":12,"column":2},"end":{"line":12,"column":15}}},"fnMap":{"0":{"name":"(anonymous_0)","decl":{"start":{"line":2,"column":28},"end":{"line":2,"column":29}},"loc":{"start":{"line":2,"column":38},"end":{"line":5,"column":1}},"line":2},"1":{"name":"(anonymous_1)","decl":{"start":{"line":7,"column":29},"end":{"line":7,"column":30}},"loc":{"start":{"line":7,"column":40},"end":{"line":13,"column":1}},"line":7}},"branchMap":{"0":{"loc":{"start":{"line":9,"column":2},"end":{"line":11,"column":3}},"type":"if","locations":[{"start":{"line":9,"column":2},"end":{"line":11,"column":3}},{"start":{"line":9,"column":2},"end":{"line":11,"column":3}}],"line":9},"1":{"loc":{"start":{"line":9,"column":6},"end":{"line":9,"column":48}},"type":"binary-expr","locations":[{"start":{"line":9,"column":6},"end":{"line":9,"column":27}},{"start":{"line":9,"column":31},"end":{"line":9,"column":48}}],"line":9}},"s":{"0":2,"1":9,"2":9,"3":2,"4":12,"5":12,"6":5,"7":7},"f":{"0":9,"1":12},"b":{"0":[5,7],"1":[12,7]},"_coverageSchema":"332fd63041d2c1bcb487cc26dd0d5f7d97098a6c","hash":"8deba35ab28711c0a034dbe890ae509d76ec48d7"}
}
