TN:
SF:/Users/lkarm/Documents/side-projects/simple-atm/server/account.js
FN:7,(anonymous_0)
FN:8,(anonymous_1)
FN:13,(anonymous_2)
FN:14,(anonymous_3)
FNF:4
FNH:3
FNDA:2,(anonymous_0)
FNDA:0,(anonymous_1)
FNDA:4,(anonymous_2)
FNDA:4,(anonymous_3)
DA:1,1
DA:2,1
DA:4,1
DA:5,1
DA:7,1
DA:8,2
DA:9,0
DA:13,1
DA:14,4
LF:9
LH:8
BRF:0
BRH:0
end_of_record
TN:
SF:/Users/lkarm/Documents/side-projects/simple-atm/server/routes.js
FN:7,(anonymous_0)
FN:18,(anonymous_1)
FN:22,(anonymous_2)
FN:33,(anonymous_3)
FN:35,(anonymous_4)
FN:48,(anonymous_5)
FN:63,(anonymous_6)
FN:80,(anonymous_7)
FNF:8
FNH:6
FNDA:5,(anonymous_0)
FNDA:2,(anonymous_1)
FNDA:0,(anonymous_2)
FNDA:2,(anonymous_3)
FNDA:1,(anonymous_4)
FNDA:7,(anonymous_5)
FNDA:1,(anonymous_6)
FNDA:0,(anonymous_7)
DA:3,1
DA:4,1
DA:7,1
DA:8,5
DA:11,5
DA:12,3
DA:13,2
DA:14,2
DA:16,2
DA:18,2
DA:19,2
DA:20,0
DA:22,2
DA:23,0
DA:24,0
DA:27,2
DA:33,1
DA:34,2
DA:35,1
DA:36,1
DA:37,1
DA:39,0
DA:43,0
DA:48,1
DA:49,7
DA:50,7
DA:52,6
DA:53,4
DA:54,3
DA:55,3
DA:58,3
DA:59,2
DA:60,2
DA:63,1
DA:65,1
DA:67,1
DA:71,0
DA:74,0
DA:75,0
DA:76,0
DA:78,0
DA:80,0
DA:81,0
DA:82,0
DA:85,0
DA:89,0
LF:46
LH:31
BRDA:11,0,0,2
BRDA:11,0,1,3
BRDA:11,1,0,5
BRDA:11,1,1,4
BRDA:12,2,0,2
BRDA:12,2,1,1
BRDA:14,3,0,1
BRDA:14,3,1,1
BRDA:19,4,0,0
BRDA:19,4,1,2
BRDA:23,5,0,0
BRDA:23,5,1,0
BRDA:23,6,0,0
BRDA:23,6,1,0
BRDA:34,7,0,1
BRDA:34,7,1,1
BRDA:34,8,0,2
BRDA:34,8,1,2
BRDA:36,9,0,1
BRDA:36,9,1,0
BRDA:50,10,0,1
BRDA:50,10,1,6
BRDA:50,11,0,7
BRDA:50,11,1,7
BRDA:52,12,0,2
BRDA:52,12,1,4
BRDA:52,13,0,6
BRDA:52,13,1,5
BRDA:53,14,0,1
BRDA:53,14,1,3
BRDA:53,15,0,4
BRDA:53,15,1,4
BRDA:58,16,0,1
BRDA:58,16,1,2
BRDA:60,17,0,1
BRDA:60,17,1,1
BRDA:65,18,0,1
BRDA:65,18,1,0
BRDA:74,19,0,0
BRDA:74,19,1,0
BRDA:76,20,0,0
BRDA:76,20,1,0
BRDA:81,21,0,0
BRDA:81,21,1,0
BRDA:81,22,0,0
BRDA:81,22,1,0
BRF:46
BRH:31
end_of_record
TN:
SF:/Users/lkarm/Documents/side-projects/simple-atm/server/utils.js
FN:2,(anonymous_0)
FN:7,(anonymous_1)
FNF:2
FNH:2
FNDA:9,(anonymous_0)
FNDA:12,(anonymous_1)
DA:2,2
DA:3,9
DA:4,9
DA:7,2
DA:8,12
DA:9,12
DA:10,5
DA:12,7
LF:8
LH:8
BRDA:9,0,0,5
BRDA:9,0,1,7
BRDA:9,1,0,12
BRDA:9,1,1,7
BRF:4
BRH:4
end_of_record
